<?xml version="1.0" encoding="UTF-8"?>
<testsuite xmlns:xsi="http://www.w3.org/2001/XMLSchema-instance" xsi:noNamespaceSchemaLocation="https://maven.apache.org/surefire/maven-failsafe-plugin/xsd/failsafe-test-report.xsd" name="fr.takima.training.sampleapplication.IT.StudentControllerTestIT" time="0.637" tests="7" errors="0" skipped="0" failures="0">
  <properties>
[...]
</properties>
  <testcase name="testPostStudent" classname="fr.takima.training.sampleapplication.IT.StudentControllerTestIT" time="0.181"/>
  <testcase name="testUpdateStudent" classname="fr.takima.training.sampleapplication.IT.StudentControllerTestIT" time="0.143"/>
  <testcase name="testPostStudentWithoutDepartment" classname="fr.takima.training.sampleapplication.IT.StudentControllerTestIT" time="0.045"/>
  <testcase name="testGetNonExistingStudentById" classname="fr.takima.training.sampleapplication.IT.StudentControllerTestIT" time="0.059"/>
  <testcase name="testPostStudentWithoutLastName" classname="fr.takima.training.sampleapplication.IT.StudentControllerTestIT" time="0.048"/>
  <testcase name="testDeleteStudent" classname="fr.takima.training.sampleapplication.IT.StudentControllerTestIT" time="0.096"/>
  <testcase name="testGetStudentById" classname="fr.takima.training.sampleapplication.IT.StudentControllerTestIT" time="0.054"/>
</testsuite>